<?xml version="1.0" encoding="UTF-8"?>
<!-- Generated by org.testng.reporters.JUnitXMLReporter -->
<testsuite hostname="LAPTOP-70SUR60V" ignored="1" name="Default test" tests="2" failures="0" timestamp="16 Jan 2022 15:14:25 GMT" time="58.899" errors="0">
  <testcase name="login" time="2.533" classname="object_repository.LoginPage"/>
  <testcase name="AddToCartPage" time="48.364" classname="object_repository.AddToCartPage"/>
  <testcase name="createAccount" time="0.0" classname="object_repository.CreateAccountPage">
    <ignored/>
  </testcase> <!-- createAccount -->
</testsuite> <!-- Default test -->
